c:\users\chris\documents\visual studio 2015\projects\sd2\sd2\debug\vc140.pdb
c:\users\chris\documents\visual studio 2015\projects\sd2\sd2\debug\vc140.idb
c:\users\chris\documents\visual studio 2015\projects\sd2\sd2\debug\main.obj
c:\users\chris\documents\visual studio 2015\projects\sd2\sd2\debug\cell.obj
c:\users\chris\documents\visual studio 2015\projects\sd2\sd2\debug\solver.obj
d:\лекции фми\курс ii\структури от данни\homework\2\sd2-multiplepaths\sd2\debug\vc140.pdb
d:\лекции фми\курс ii\структури от данни\homework\2\sd2-multiplepaths\sd2\debug\vc140.idb
d:\лекции фми\курс ii\структури от данни\homework\2\sd2-multiplepaths\sd2\debug\cell.obj
d:\лекции фми\курс ii\структури от данни\homework\2\sd2-multiplepaths\sd2\debug\main.obj
d:\лекции фми\курс ii\структури от данни\homework\2\sd2-multiplepaths\sd2\debug\solver.obj
c:\users\chris\documents\visual studio 2015\projects\sd2\debug\sd2.ilk
c:\users\chris\documents\visual studio 2015\projects\sd2\debug\sd2.exe
c:\users\chris\documents\visual studio 2015\projects\sd2\debug\sd2.pdb
d:\лекции фми\курс ii\структури от данни\homework\2\sd2-multiplepaths\debug\sd2.ilk
d:\лекции фми\курс ii\структури от данни\homework\2\sd2-multiplepaths\debug\sd2.exe
d:\лекции фми\курс ii\структури от данни\homework\2\sd2-multiplepaths\debug\sd2.pdb
d:\лекции фми\курс ii\структури от данни\homework\2\sd2-multiplepaths\sd2\debug\sd2.tlog\cl.command.1.tlog
d:\лекции фми\курс ii\структури от данни\homework\2\sd2-multiplepaths\sd2\debug\sd2.tlog\cl.read.1.tlog
d:\лекции фми\курс ii\структури от данни\homework\2\sd2-multiplepaths\sd2\debug\sd2.tlog\cl.write.1.tlog
d:\лекции фми\курс ii\структури от данни\homework\2\sd2-multiplepaths\sd2\debug\sd2.tlog\link.command.1.tlog
d:\лекции фми\курс ii\структури от данни\homework\2\sd2-multiplepaths\sd2\debug\sd2.tlog\link.read.1.tlog
d:\лекции фми\курс ii\структури от данни\homework\2\sd2-multiplepaths\sd2\debug\sd2.tlog\link.write.1.tlog
